TN:
SF:src/Button/index.tsx
FN:13,(anonymous_6)
FNF:1
FNH:1
FNDA:4,(anonymous_6)
DA:1,1
DA:2,1
DA:13,1
DA:14,4
DA:15,4
DA:26,1
LF:6
LH:6
BRDA:14,0,0,2
BRDA:18,1,0,4
BRDA:18,1,1,0
BRF:3
BRH:2
end_of_record
TN:
SF:src/Foo/index.tsx
FN:3,(anonymous_1)
FNF:1
FNH:0
FNDA:0,(anonymous_1)
DA:1,0
DA:3,0
DA:5,0
LF:3
LH:0
BRF:0
BRH:0
end_of_record
TN:
SF:src/PrimaryButton/index.tsx
FN:7,(anonymous_7)
FNF:1
FNH:1
FNDA:2,(anonymous_7)
DA:2,1
DA:3,1
DA:7,1
DA:9,2
DA:11,2
DA:18,1
LF:6
LH:6
BRF:0
BRH:0
end_of_record
TN:
SF:src/formatTime/index.ts
FN:8,formatTime
FN:24,(anonymous_1)
FNF:2
FNH:2
FNDA:2,formatTime
FNDA:12,(anonymous_1)
DA:9,2
DA:10,2
DA:11,2
DA:12,2
DA:13,2
DA:14,2
DA:15,2
DA:16,2
DA:24,12
DA:27,1
LF:10
LH:10
BRDA:8,0,0,1
BRF:1
BRH:1
end_of_record
